<?xml version="1.0" encoding="UTF-8"?>
<!-- Generated by org.testng.reporters.JUnitReportReporter -->
<testsuite hostname="MAVBCP3272" failures="0" tests="1" name="com.picnic.mavsel.Sample" time="16.134" errors="0" timestamp="2021-09-22T11:52:33 IST" skipped="0">
  <testcase classname="com.picnic.mavsel.Sample" name="mavsel" time="16.134"/>
  <system-out/>
</testsuite> <!-- com.picnic.mavsel.Sample -->
