<?xml version="1.0" encoding="UTF-8"?>
<!-- Generated by org.testng.reporters.JUnitReportReporter -->
<testsuite hostname="MAVBCP3272" failures="0" tests="1" name="com.picnic.mavsel.Sample2" time="7.401" errors="0" timestamp="2021-09-27T11:52:10 IST" skipped="0">
  <testcase classname="com.picnic.mavsel.Sample2" name="FaceBook" time="7.401"/>
  <system-out/>
</testsuite> <!-- com.picnic.mavsel.Sample2 -->
